[INFO ] 2019-03-13 11:19:10.526 [restartedMain] App - Starting App on DESKTOP-DOTFQK3 with PID 11824 (C:\Users\User\IdeaProjects\booking-service\target\classes started by User in C:\Users\User\IdeaProjects\booking-service)
[DEBUG] 2019-03-13 11:19:10.619 [restartedMain] App - Running with Spring Boot v2.0.5.RELEASE, Spring v5.0.9.RELEASE
[INFO ] 2019-03-13 11:19:10.619 [restartedMain] App - No active profile set, falling back to default profiles: default
[INFO ] 2019-03-13 11:21:10.910 [restartedMain] App - Starting App on DESKTOP-DOTFQK3 with PID 6288 (C:\Users\User\IdeaProjects\booking-service\target\classes started by User in C:\Users\User\IdeaProjects\booking-service)
[DEBUG] 2019-03-13 11:21:10.926 [restartedMain] App - Running with Spring Boot v2.0.5.RELEASE, Spring v5.0.9.RELEASE
[INFO ] 2019-03-13 11:21:10.942 [restartedMain] App - No active profile set, falling back to default profiles: default
[INFO ] 2019-03-13 11:23:05.260 [restartedMain] App - Starting App on DESKTOP-DOTFQK3 with PID 13188 (C:\Users\User\IdeaProjects\booking-service\target\classes started by User in C:\Users\User\IdeaProjects\booking-service)
[DEBUG] 2019-03-13 11:23:05.260 [restartedMain] App - Running with Spring Boot v2.0.5.RELEASE, Spring v5.0.9.RELEASE
[INFO ] 2019-03-13 11:23:05.260 [restartedMain] App - No active profile set, falling back to default profiles: default
[INFO ] 2019-03-13 11:28:11.573 [restartedMain] App - Starting App on DESKTOP-DOTFQK3 with PID 3324 (C:\Users\User\IdeaProjects\booking-service\target\classes started by User in C:\Users\User\IdeaProjects\booking-service)
[DEBUG] 2019-03-13 11:28:11.589 [restartedMain] App - Running with Spring Boot v2.0.5.RELEASE, Spring v5.0.9.RELEASE
[INFO ] 2019-03-13 11:28:11.589 [restartedMain] App - No active profile set, falling back to default profiles: default
[INFO ] 2019-03-13 11:31:00.501 [restartedMain] App - Starting App on DESKTOP-DOTFQK3 with PID 9916 (C:\Users\User\IdeaProjects\booking-service\target\classes started by User in C:\Users\User\IdeaProjects\booking-service)
[DEBUG] 2019-03-13 11:31:00.517 [restartedMain] App - Running with Spring Boot v2.0.5.RELEASE, Spring v5.0.9.RELEASE
[INFO ] 2019-03-13 11:31:00.517 [restartedMain] App - No active profile set, falling back to default profiles: default
[INFO ] 2019-03-13 11:33:09.012 [restartedMain] App - Starting App on DESKTOP-DOTFQK3 with PID 4780 (C:\Users\User\IdeaProjects\booking-service\target\classes started by User in C:\Users\User\IdeaProjects\booking-service)
[DEBUG] 2019-03-13 11:33:09.019 [restartedMain] App - Running with Spring Boot v2.0.5.RELEASE, Spring v5.0.9.RELEASE
[INFO ] 2019-03-13 11:33:09.020 [restartedMain] App - No active profile set, falling back to default profiles: default
[INFO ] 2019-03-13 11:36:22.399 [restartedMain] App - Starting App on DESKTOP-DOTFQK3 with PID 9748 (C:\Users\User\IdeaProjects\booking-service\target\classes started by User in C:\Users\User\IdeaProjects\booking-service)
[DEBUG] 2019-03-13 11:36:22.399 [restartedMain] App - Running with Spring Boot v2.0.5.RELEASE, Spring v5.0.9.RELEASE
[INFO ] 2019-03-13 11:36:22.414 [restartedMain] App - No active profile set, falling back to default profiles: default
[INFO ] 2019-03-13 11:40:56.104 [restartedMain] App - Starting App on DESKTOP-DOTFQK3 with PID 4728 (C:\Users\User\IdeaProjects\booking-service\target\classes started by User in C:\Users\User\IdeaProjects\booking-service)
[DEBUG] 2019-03-13 11:40:56.104 [restartedMain] App - Running with Spring Boot v2.0.5.RELEASE, Spring v5.0.9.RELEASE
[INFO ] 2019-03-13 11:40:56.120 [restartedMain] App - No active profile set, falling back to default profiles: default
[INFO ] 2019-03-13 11:41:44.197 [restartedMain] App - Starting App on DESKTOP-DOTFQK3 with PID 3480 (C:\Users\User\IdeaProjects\booking-service\target\classes started by User in C:\Users\User\IdeaProjects\booking-service)
[DEBUG] 2019-03-13 11:41:44.197 [restartedMain] App - Running with Spring Boot v2.0.5.RELEASE, Spring v5.0.9.RELEASE
[INFO ] 2019-03-13 11:41:44.197 [restartedMain] App - No active profile set, falling back to default profiles: default
[INFO ] 2019-03-13 11:43:25.317 [restartedMain] App - Starting App on DESKTOP-DOTFQK3 with PID 4576 (C:\Users\User\IdeaProjects\booking-service\target\classes started by User in C:\Users\User\IdeaProjects\booking-service)
[DEBUG] 2019-03-13 11:43:25.317 [restartedMain] App - Running with Spring Boot v2.0.5.RELEASE, Spring v5.0.9.RELEASE
[INFO ] 2019-03-13 11:43:25.333 [restartedMain] App - No active profile set, falling back to default profiles: default
[INFO ] 2019-03-13 11:44:08.325 [restartedMain] App - Starting App on DESKTOP-DOTFQK3 with PID 5544 (C:\Users\User\IdeaProjects\booking-service\target\classes started by User in C:\Users\User\IdeaProjects\booking-service)
[DEBUG] 2019-03-13 11:44:08.325 [restartedMain] App - Running with Spring Boot v2.0.5.RELEASE, Spring v5.0.9.RELEASE
[INFO ] 2019-03-13 11:44:08.325 [restartedMain] App - No active profile set, falling back to default profiles: default
[INFO ] 2019-03-13 11:49:13.826 [restartedMain] App - Starting App on DESKTOP-DOTFQK3 with PID 11100 (C:\Users\User\IdeaProjects\booking-service\target\classes started by User in C:\Users\User\IdeaProjects\booking-service)
[DEBUG] 2019-03-13 11:49:13.836 [restartedMain] App - Running with Spring Boot v2.0.5.RELEASE, Spring v5.0.9.RELEASE
[INFO ] 2019-03-13 11:49:13.838 [restartedMain] App - No active profile set, falling back to default profiles: default
[INFO ] 2019-03-13 11:51:32.089 [restartedMain] App - Starting App on DESKTOP-DOTFQK3 with PID 8416 (C:\Users\User\IdeaProjects\booking-service\target\classes started by User in C:\Users\User\IdeaProjects\booking-service)
[DEBUG] 2019-03-13 11:51:32.089 [restartedMain] App - Running with Spring Boot v2.0.5.RELEASE, Spring v5.0.9.RELEASE
[INFO ] 2019-03-13 11:51:32.089 [restartedMain] App - No active profile set, falling back to default profiles: default
[INFO ] 2019-03-13 12:00:24.415 [restartedMain] App - Starting App on DESKTOP-DOTFQK3 with PID 2768 (C:\Users\User\IdeaProjects\booking-service\target\classes started by User in C:\Users\User\IdeaProjects\booking-service)
[DEBUG] 2019-03-13 12:00:24.415 [restartedMain] App - Running with Spring Boot v2.0.5.RELEASE, Spring v5.0.9.RELEASE
[INFO ] 2019-03-13 12:00:24.415 [restartedMain] App - No active profile set, falling back to default profiles: default
[INFO ] 2019-03-13 12:01:52.503 [restartedMain] App - Starting App on DESKTOP-DOTFQK3 with PID 10208 (C:\Users\User\IdeaProjects\booking-service\target\classes started by User in C:\Users\User\IdeaProjects\booking-service)
[DEBUG] 2019-03-13 12:01:52.503 [restartedMain] App - Running with Spring Boot v2.0.5.RELEASE, Spring v5.0.9.RELEASE
[INFO ] 2019-03-13 12:01:52.503 [restartedMain] App - No active profile set, falling back to default profiles: default
[INFO ] 2019-03-13 12:06:04.970 [restartedMain] App - Starting App on DESKTOP-DOTFQK3 with PID 7420 (C:\Users\User\IdeaProjects\booking-service\target\classes started by User in C:\Users\User\IdeaProjects\booking-service)
[DEBUG] 2019-03-13 12:06:04.977 [restartedMain] App - Running with Spring Boot v2.0.5.RELEASE, Spring v5.0.9.RELEASE
[INFO ] 2019-03-13 12:06:04.979 [restartedMain] App - No active profile set, falling back to default profiles: default
[INFO ] 2019-03-13 12:21:22.213 [restartedMain] App - Starting App on DESKTOP-DOTFQK3 with PID 6236 (C:\Users\User\IdeaProjects\booking-service\target\classes started by User in C:\Users\User\IdeaProjects\booking-service)
[DEBUG] 2019-03-13 12:21:22.228 [restartedMain] App - Running with Spring Boot v2.0.5.RELEASE, Spring v5.0.9.RELEASE
[INFO ] 2019-03-13 12:21:22.228 [restartedMain] App - No active profile set, falling back to default profiles: default
[INFO ] 2019-03-13 12:22:39.980 [restartedMain] App - Starting App on DESKTOP-DOTFQK3 with PID 12744 (C:\Users\User\IdeaProjects\booking-service\target\classes started by User in C:\Users\User\IdeaProjects\booking-service)
[DEBUG] 2019-03-13 12:22:39.989 [restartedMain] App - Running with Spring Boot v2.0.5.RELEASE, Spring v5.0.9.RELEASE
[INFO ] 2019-03-13 12:22:39.991 [restartedMain] App - No active profile set, falling back to default profiles: default
[INFO ] 2019-03-13 12:39:03.530 [restartedMain] App - Starting App on DESKTOP-DOTFQK3 with PID 2968 (C:\Users\User\IdeaProjects\booking-service\target\classes started by User in C:\Users\User\IdeaProjects\booking-service)
[DEBUG] 2019-03-13 12:39:03.546 [restartedMain] App - Running with Spring Boot v2.0.5.RELEASE, Spring v5.0.9.RELEASE
[INFO ] 2019-03-13 12:39:03.546 [restartedMain] App - No active profile set, falling back to default profiles: default
[INFO ] 2019-03-13 12:44:39.887 [restartedMain] App - Starting App on DESKTOP-DOTFQK3 with PID 12596 (C:\Users\User\IdeaProjects\booking-service\target\classes started by User in C:\Users\User\IdeaProjects\booking-service)
[DEBUG] 2019-03-13 12:44:39.891 [restartedMain] App - Running with Spring Boot v2.0.5.RELEASE, Spring v5.0.9.RELEASE
[INFO ] 2019-03-13 12:44:39.895 [restartedMain] App - No active profile set, falling back to default profiles: default
[INFO ] 2019-03-13 12:47:37.678 [restartedMain] App - Starting App on DESKTOP-DOTFQK3 with PID 9452 (C:\Users\User\IdeaProjects\booking-service\target\classes started by User in C:\Users\User\IdeaProjects\booking-service)
[DEBUG] 2019-03-13 12:47:37.682 [restartedMain] App - Running with Spring Boot v2.0.5.RELEASE, Spring v5.0.9.RELEASE
[INFO ] 2019-03-13 12:47:37.686 [restartedMain] App - No active profile set, falling back to default profiles: default
[INFO ] 2019-03-13 12:48:00.054 [restartedMain] App - Started App in 23.483 seconds (JVM running for 28.365)
[DEBUG] 2019-03-13 12:48:00.063 [restartedMain] App - debug
[INFO ] 2019-03-13 12:48:00.064 [restartedMain] App - info
[ERROR] 2019-03-13 12:48:00.064 [restartedMain] App - error
[INFO ] 2019-03-13 13:09:12.514 [restartedMain] App - Starting App on DESKTOP-DOTFQK3 with PID 1240 (C:\Users\User\IdeaProjects\booking-service\target\classes started by User in C:\Users\User\IdeaProjects\booking-service)
[DEBUG] 2019-03-13 13:09:12.522 [restartedMain] App - Running with Spring Boot v2.0.5.RELEASE, Spring v5.0.9.RELEASE
[INFO ] 2019-03-13 13:09:12.522 [restartedMain] App - No active profile set, falling back to default profiles: default
[INFO ] 2019-03-13 13:09:39.223 [restartedMain] App - Started App in 28.105 seconds (JVM running for 33.574)
[DEBUG] 2019-03-13 13:09:39.231 [restartedMain] App - debug
[INFO ] 2019-03-13 13:09:39.231 [restartedMain] App - info
[ERROR] 2019-03-13 13:09:39.231 [restartedMain] App - error
[INFO ] 2019-03-13 14:04:31.772 [restartedMain] App - Starting App on DESKTOP-DOTFQK3 with PID 6380 (C:\Users\User\IdeaProjects\booking-service\target\classes started by User in C:\Users\User\IdeaProjects\booking-service)
[DEBUG] 2019-03-13 14:04:31.772 [restartedMain] App - Running with Spring Boot v2.0.5.RELEASE, Spring v5.0.9.RELEASE
[INFO ] 2019-03-13 14:04:31.787 [restartedMain] App - No active profile set, falling back to default profiles: default
[INFO ] 2019-03-13 14:04:52.565 [restartedMain] App - Started App in 22.334 seconds (JVM running for 27.07)
[DEBUG] 2019-03-13 14:04:52.581 [restartedMain] App - debug
[INFO ] 2019-03-13 14:04:52.581 [restartedMain] App - info
[ERROR] 2019-03-13 14:04:52.581 [restartedMain] App - error
[INFO ] 2019-03-13 14:19:24.379 [restartedMain] App - Starting App on DESKTOP-DOTFQK3 with PID 13736 (C:\Users\User\IdeaProjects\booking-service\target\classes started by User in C:\Users\User\IdeaProjects\booking-service)
[DEBUG] 2019-03-13 14:19:24.379 [restartedMain] App - Running with Spring Boot v2.0.5.RELEASE, Spring v5.0.9.RELEASE
[INFO ] 2019-03-13 14:19:24.379 [restartedMain] App - No active profile set, falling back to default profiles: default
[INFO ] 2019-03-13 14:19:54.334 [restartedMain] App - Started App in 31.16 seconds (JVM running for 36.361)
[DEBUG] 2019-03-13 14:19:54.342 [restartedMain] App - debug
[INFO ] 2019-03-13 14:19:54.342 [restartedMain] App - info
[ERROR] 2019-03-13 14:19:54.343 [restartedMain] App - error
[INFO ] 2019-03-13 14:26:00.962 [restartedMain] App - Starting App on DESKTOP-DOTFQK3 with PID 3628 (C:\Users\User\IdeaProjects\booking-service\target\classes started by User in C:\Users\User\IdeaProjects\booking-service)
[DEBUG] 2019-03-13 14:26:00.972 [restartedMain] App - Running with Spring Boot v2.0.5.RELEASE, Spring v5.0.9.RELEASE
[INFO ] 2019-03-13 14:26:00.978 [restartedMain] App - No active profile set, falling back to default profiles: default
[INFO ] 2019-03-13 14:26:28.275 [restartedMain] App - Started App in 28.948 seconds (JVM running for 35.432)
[DEBUG] 2019-03-13 14:26:28.283 [restartedMain] App - debug
[INFO ] 2019-03-13 14:26:28.283 [restartedMain] App - info
[ERROR] 2019-03-13 14:26:28.283 [restartedMain] App - error
[INFO ] 2019-03-13 14:50:35.917 [restartedMain] App - Starting App on DESKTOP-DOTFQK3 with PID 13560 (C:\Users\User\IdeaProjects\booking-service\target\classes started by User in C:\Users\User\IdeaProjects\booking-service)
[DEBUG] 2019-03-13 14:50:35.925 [restartedMain] App - Running with Spring Boot v2.0.5.RELEASE, Spring v5.0.9.RELEASE
[INFO ] 2019-03-13 14:50:35.927 [restartedMain] App - No active profile set, falling back to default profiles: default
[INFO ] 2019-03-13 14:50:59.310 [restartedMain] App - Started App in 24.684 seconds (JVM running for 30.042)
[DEBUG] 2019-03-13 14:50:59.328 [restartedMain] App - debug
[INFO ] 2019-03-13 14:50:59.328 [restartedMain] App - info
[ERROR] 2019-03-13 14:50:59.330 [restartedMain] App - error
[INFO ] 2019-03-13 14:52:56.009 [restartedMain] App - Starting App on DESKTOP-DOTFQK3 with PID 10352 (C:\Users\User\IdeaProjects\booking-service\target\classes started by User in C:\Users\User\IdeaProjects\booking-service)
[DEBUG] 2019-03-13 14:52:56.020 [restartedMain] App - Running with Spring Boot v2.0.5.RELEASE, Spring v5.0.9.RELEASE
[INFO ] 2019-03-13 14:52:56.023 [restartedMain] App - No active profile set, falling back to default profiles: default
[INFO ] 2019-03-13 14:53:19.781 [restartedMain] App - Started App in 25.035 seconds (JVM running for 30.215)
[DEBUG] 2019-03-13 14:53:19.789 [restartedMain] App - debug
[INFO ] 2019-03-13 14:53:19.789 [restartedMain] App - info
[ERROR] 2019-03-13 14:53:19.789 [restartedMain] App - error
[INFO ] 2019-03-13 14:54:56.690 [restartedMain] App - Starting App on DESKTOP-DOTFQK3 with PID 1652 (C:\Users\User\IdeaProjects\booking-service\target\classes started by User in C:\Users\User\IdeaProjects\booking-service)
[DEBUG] 2019-03-13 14:54:56.690 [restartedMain] App - Running with Spring Boot v2.0.5.RELEASE, Spring v5.0.9.RELEASE
[INFO ] 2019-03-13 14:54:56.700 [restartedMain] App - No active profile set, falling back to default profiles: default
[INFO ] 2019-03-13 14:55:20.409 [restartedMain] App - Started App in 24.982 seconds (JVM running for 30.274)
[DEBUG] 2019-03-13 14:55:20.423 [restartedMain] App - debug
[INFO ] 2019-03-13 14:55:20.424 [restartedMain] App - info
[ERROR] 2019-03-13 14:55:20.426 [restartedMain] App - error
[INFO ] 2019-03-13 14:58:05.166 [restartedMain] App - Starting App on DESKTOP-DOTFQK3 with PID 1156 (C:\Users\User\IdeaProjects\booking-service\target\classes started by User in C:\Users\User\IdeaProjects\booking-service)
[DEBUG] 2019-03-13 14:58:05.174 [restartedMain] App - Running with Spring Boot v2.0.5.RELEASE, Spring v5.0.9.RELEASE
[INFO ] 2019-03-13 14:58:05.176 [restartedMain] App - No active profile set, falling back to default profiles: default
[INFO ] 2019-03-13 14:58:28.513 [restartedMain] App - Started App in 24.594 seconds (JVM running for 29.907)
[DEBUG] 2019-03-13 14:58:28.530 [restartedMain] App - debug
[INFO ] 2019-03-13 14:58:28.531 [restartedMain] App - info
[ERROR] 2019-03-13 14:58:28.531 [restartedMain] App - error
[INFO ] 2019-03-13 15:02:35.305 [restartedMain] App - Starting App on DESKTOP-DOTFQK3 with PID 10820 (C:\Users\User\IdeaProjects\booking-service\target\classes started by User in C:\Users\User\IdeaProjects\booking-service)
[DEBUG] 2019-03-13 15:02:35.305 [restartedMain] App - Running with Spring Boot v2.0.5.RELEASE, Spring v5.0.9.RELEASE
[INFO ] 2019-03-13 15:02:35.305 [restartedMain] App - No active profile set, falling back to default profiles: default
[INFO ] 2019-03-13 15:02:55.951 [restartedMain] App - Started App in 21.78 seconds (JVM running for 26.561)
[DEBUG] 2019-03-13 15:02:55.964 [restartedMain] App - debug
[INFO ] 2019-03-13 15:02:55.965 [restartedMain] App - info
[ERROR] 2019-03-13 15:02:55.965 [restartedMain] App - error
[INFO ] 2019-03-13 15:03:48.478 [restartedMain] App - Starting App on DESKTOP-DOTFQK3 with PID 4856 (C:\Users\User\IdeaProjects\booking-service\target\classes started by User in C:\Users\User\IdeaProjects\booking-service)
[DEBUG] 2019-03-13 15:03:48.480 [restartedMain] App - Running with Spring Boot v2.0.5.RELEASE, Spring v5.0.9.RELEASE
[INFO ] 2019-03-13 15:03:48.488 [restartedMain] App - No active profile set, falling back to default profiles: default
[INFO ] 2019-03-13 15:04:08.134 [restartedMain] App - Started App in 20.816 seconds (JVM running for 25.55)
[DEBUG] 2019-03-13 15:04:08.144 [restartedMain] App - debug
[INFO ] 2019-03-13 15:04:08.144 [restartedMain] App - info
[ERROR] 2019-03-13 15:04:08.144 [restartedMain] App - error
[INFO ] 2019-03-13 15:06:14.009 [restartedMain] App - Starting App on DESKTOP-DOTFQK3 with PID 12392 (C:\Users\User\IdeaProjects\booking-service\target\classes started by User in C:\Users\User\IdeaProjects\booking-service)
[DEBUG] 2019-03-13 15:06:14.009 [restartedMain] App - Running with Spring Boot v2.0.5.RELEASE, Spring v5.0.9.RELEASE
[INFO ] 2019-03-13 15:06:14.009 [restartedMain] App - No active profile set, falling back to default profiles: default
[INFO ] 2019-03-13 15:06:34.170 [restartedMain] App - Started App in 21.407 seconds (JVM running for 26.149)
[DEBUG] 2019-03-13 15:06:34.180 [restartedMain] App - debug
[INFO ] 2019-03-13 15:06:34.180 [restartedMain] App - info
[ERROR] 2019-03-13 15:06:34.180 [restartedMain] App - error
[INFO ] 2019-03-13 15:08:00.545 [restartedMain] App - Starting App on DESKTOP-DOTFQK3 with PID 13492 (C:\Users\User\IdeaProjects\booking-service\target\classes started by User in C:\Users\User\IdeaProjects\booking-service)
[DEBUG] 2019-03-13 15:08:00.545 [restartedMain] App - Running with Spring Boot v2.0.5.RELEASE, Spring v5.0.9.RELEASE
[INFO ] 2019-03-13 15:08:00.545 [restartedMain] App - No active profile set, falling back to default profiles: default
[INFO ] 2019-03-13 15:08:21.380 [restartedMain] App - Started App in 21.97 seconds (JVM running for 26.774)
[DEBUG] 2019-03-13 15:08:21.390 [restartedMain] App - debug
[INFO ] 2019-03-13 15:08:21.390 [restartedMain] App - info
[ERROR] 2019-03-13 15:08:21.390 [restartedMain] App - error
[INFO ] 2019-03-13 17:49:05.865 [restartedMain] App - Starting App on DESKTOP-DOTFQK3 with PID 7444 (C:\Users\User\IdeaProjects\booking-service\target\classes started by User in C:\Users\User\IdeaProjects\booking-service)
[DEBUG] 2019-03-13 17:49:05.865 [restartedMain] App - Running with Spring Boot v2.0.5.RELEASE, Spring v5.0.9.RELEASE
[INFO ] 2019-03-13 17:49:05.865 [restartedMain] App - No active profile set, falling back to default profiles: default
[INFO ] 2019-03-13 17:49:23.074 [restartedMain] App - Started App in 18.443 seconds (JVM running for 22.551)
[DEBUG] 2019-03-13 17:49:23.074 [restartedMain] App - debug
[INFO ] 2019-03-13 17:49:23.074 [restartedMain] App - info
[ERROR] 2019-03-13 17:49:23.074 [restartedMain] App - error
[INFO ] 2019-03-13 18:00:16.714 [restartedMain] App - Starting App on DESKTOP-DOTFQK3 with PID 10844 (C:\Users\User\IdeaProjects\booking-service\target\classes started by User in C:\Users\User\IdeaProjects\booking-service)
[DEBUG] 2019-03-13 18:00:16.730 [restartedMain] App - Running with Spring Boot v2.0.5.RELEASE, Spring v5.0.9.RELEASE
[INFO ] 2019-03-13 18:00:16.730 [restartedMain] App - No active profile set, falling back to default profiles: default
[INFO ] 2019-03-13 18:00:35.813 [restartedMain] App - Started App in 20.236 seconds (JVM running for 25.422)
[DEBUG] 2019-03-13 18:00:35.813 [restartedMain] App - debug
[INFO ] 2019-03-13 18:00:35.813 [restartedMain] App - info
[ERROR] 2019-03-13 18:00:35.813 [restartedMain] App - error
[INFO ] 2019-03-13 18:33:20.102 [main] AdminControllerTest - Starting AdminControllerTest on DESKTOP-DOTFQK3 with PID 13448 (started by User in C:\Users\User\IdeaProjects\booking-service)
[DEBUG] 2019-03-13 18:33:20.118 [main] AdminControllerTest - Running with Spring Boot v2.0.5.RELEASE, Spring v5.0.9.RELEASE
[INFO ] 2019-03-13 18:33:20.118 [main] AdminControllerTest - No active profile set, falling back to default profiles: default
[INFO ] 2019-03-13 18:33:36.971 [main] AdminControllerTest - Started AdminControllerTest in 17.701 seconds (JVM running for 22.038)
[INFO ] 2019-03-13 18:42:16.038 [main] AdminControllerTest - Starting AdminControllerTest on DESKTOP-DOTFQK3 with PID 13132 (started by User in C:\Users\User\IdeaProjects\booking-service)
[DEBUG] 2019-03-13 18:42:16.038 [main] AdminControllerTest - Running with Spring Boot v2.0.5.RELEASE, Spring v5.0.9.RELEASE
[INFO ] 2019-03-13 18:42:16.038 [main] AdminControllerTest - No active profile set, falling back to default profiles: default
[INFO ] 2019-03-13 18:42:31.757 [main] AdminControllerTest - Started AdminControllerTest in 16.881 seconds (JVM running for 20.956)
